# JRE version: OpenJDK Runtime Environment (8.0_141-b15) (build 1.8.0_141-8u141-b15-3~14.04-b15)
# Java VM: OpenJDK 64-Bit Server VM (25.141-b15 mixed mode linux-amd64 compressed oops)
Heap:
 PSYoungGen      total 71680K, used 37148K [0x00000000fab00000, 0x0000000100000000, 0x0000000100000000)
  eden space 55808K, 66% used [0x00000000fab00000,0x00000000fcf472f8,0x00000000fe180000)
  from space 15872K, 0% used [0x00000000ff080000,0x00000000ff080000,0x0000000100000000)
  to   space 15360K, 0% used [0x00000000fe180000,0x00000000fe180000,0x00000000ff080000)
 ParOldGen       total 55296K, used 31433K [0x00000000f0000000, 0x00000000f3600000, 0x00000000fab00000)
  object space 55296K, 56% used [0x00000000f0000000,0x00000000f1eb2508,0x00000000f3600000)
 Metaspace       used 71074K, capacity 75970K, committed 76224K, reserved 1116160K
  class space    used 8465K, capacity 9844K, committed 9944K, reserved 1048576K
GC Heap History (10 events):
Event: 404.004 GC heap before
{Heap before GC invocations=31 (full 9):
 PSYoungGen      total 71168K, used 2632K [0x00000000fab00000, 0x0000000100000000, 0x0000000100000000)
  eden space 54784K, 0% used [0x00000000fab00000,0x00000000fab00000,0x00000000fe080000)
  from space 16384K, 16% used [0x00000000ff000000,0x00000000ff2921a0,0x0000000100000000)
  to   space 15872K, 0% used [0x00000000fe080000,0x00000000fe080000,0x00000000ff000000)
 ParOldGen       total 55296K, used 44701K [0x00000000f0000000, 0x00000000f3600000, 0x00000000fab00000)
  object space 55296K, 80% used [0x00000000f0000000,0x00000000f2ba7590,0x00000000f3600000)
 Metaspace       used 68746K, capacity 73600K, committed 73792K, reserved 1114112K
  class space    used 8195K, capacity 9522K, committed 9560K, reserved 1048576K
Event: 404.155 GC heap after
Heap after GC invocations=31 (full 9):
 PSYoungGen      total 71168K, used 0K [0x00000000fab00000, 0x0000000100000000, 0x0000000100000000)
  eden space 54784K, 0% used [0x00000000fab00000,0x00000000fab00000,0x00000000fe080000)
  from space 16384K, 0% used [0x00000000ff000000,0x00000000ff000000,0x0000000100000000)
  to   space 15872K, 0% used [0x00000000fe080000,0x00000000fe080000,0x00000000ff000000)
 ParOldGen       total 55296K, used 34738K [0x00000000f0000000, 0x00000000f3600000, 0x00000000fab00000)
  object space 55296K, 62% used [0x00000000f0000000,0x00000000f21ecb40,0x00000000f3600000)
 Metaspace       used 68746K, capacity 73600K, committed 73792K, reserved 1114112K
  class space    used 8195K, capacity 9522K, committed 9560K, reserved 1048576K
}
Event: 463.993 GC heap before
{Heap before GC invocations=32 (full 9):
 PSYoungGen      total 71168K, used 1546K [0x00000000fab00000, 0x0000000100000000, 0x0000000100000000)
  eden space 54784K, 2% used [0x00000000fab00000,0x00000000fac82be8,0x00000000fe080000)
  from space 16384K, 0% used [0x00000000ff000000,0x00000000ff000000,0x0000000100000000)
  to   space 15872K, 0% used [0x00000000fe080000,0x00000000fe080000,0x00000000ff000000)
 ParOldGen       total 55296K, used 34738K [0x00000000f0000000, 0x00000000f3600000, 0x00000000fab00000)
  object space 55296K, 62% used [0x00000000f0000000,0x00000000f21ecb40,0x00000000f3600000)
 Metaspace       used 68799K, capacity 73666K, committed 73792K, reserved 1114112K
  class space    used 8200K, capacity 9524K, committed 9560K, reserved 1048576K
Event: 463.997 GC heap after
Heap after GC invocations=32 (full 9):
 PSYoungGen      total 70656K, used 160K [0x00000000fab00000, 0x0000000100000000, 0x0000000100000000)
  eden space 54784K, 0% used [0x00000000fab00000,0x00000000fab00000,0x00000000fe080000)
  from space 15872K, 1% used [0x00000000fe080000,0x00000000fe0a8000,0x00000000ff000000)
  to   space 15872K, 0% used [0x00000000ff080000,0x00000000ff080000,0x0000000100000000)
 ParOldGen       total 55296K, used 34746K [0x00000000f0000000, 0x00000000f3600000, 0x00000000fab00000)
  object space 55296K, 62% used [0x00000000f0000000,0x00000000f21eeb40,0x00000000f3600000)
 Metaspace       used 68799K, capacity 73666K, committed 73792K, reserved 1114112K
  class space    used 8200K, capacity 9524K, committed 9560K, reserved 1048576K
}
Event: 463.998 GC heap before
{Heap before GC invocations=33 (full 10):
 PSYoungGen      total 70656K, used 160K [0x00000000fab00000, 0x0000000100000000, 0x0000000100000000)
  eden space 54784K, 0% used [0x00000000fab00000,0x00000000fab00000,0x00000000fe080000)
  from space 15872K, 1% used [0x00000000fe080000,0x00000000fe0a8000,0x00000000ff000000)
  to   space 15872K, 0% used [0x00000000ff080000,0x00000000ff080000,0x0000000100000000)
 ParOldGen       total 55296K, used 34746K [0x00000000f0000000, 0x00000000f3600000, 0x00000000fab00000)
  object space 55296K, 62% used [0x00000000f0000000,0x00000000f21eeb40,0x00000000f3600000)
 Metaspace       used 68799K, capacity 73666K, committed 73792K, reserved 1114112K
  class space    used 8200K, capacity 9524K, committed 9560K, reserved 1048576K
Event: 464.219 GC heap after
Heap after GC invocations=33 (full 10):
 PSYoungGen      total 70656K, used 0K [0x00000000fab00000, 0x0000000100000000, 0x0000000100000000)
  eden space 54784K, 0% used [0x00000000fab00000,0x00000000fab00000,0x00000000fe080000)
  from space 15872K, 0% used [0x00000000fe080000,0x00000000fe080000,0x00000000ff000000)
  to   space 15872K, 0% used [0x00000000ff080000,0x00000000ff080000,0x0000000100000000)
 ParOldGen       total 55296K, used 34063K [0x00000000f0000000, 0x00000000f3600000, 0x00000000fab00000)
  object space 55296K, 61% used [0x00000000f0000000,0x00000000f2143d48,0x00000000f3600000)
 Metaspace       used 68799K, capacity 73666K, committed 73792K, reserved 1114112K
  class space    used 8200K, capacity 9524K, committed 9560K, reserved 1048576K
}
Event: 527.007 GC heap before
{Heap before GC invocations=34 (full 10):
 PSYoungGen      total 70656K, used 14022K [0x00000000fab00000, 0x0000000100000000, 0x0000000100000000)
  eden space 54784K, 25% used [0x00000000fab00000,0x00000000fb8b18b0,0x00000000fe080000)
  from space 15872K, 0% used [0x00000000fe080000,0x00000000fe080000,0x00000000ff000000)
  to   space 15872K, 0% used [0x00000000ff080000,0x00000000ff080000,0x0000000100000000)
 ParOldGen       total 55296K, used 34063K [0x00000000f0000000, 0x00000000f3600000, 0x00000000fab00000)
  object space 55296K, 61% used [0x00000000f0000000,0x00000000f2143d48,0x00000000f3600000)
 Metaspace       used 69082K, capacity 73986K, committed 74048K, reserved 1114112K
  class space    used 8214K, capacity 9524K, committed 9560K, reserved 1048576K
Event: 527.011 GC heap after
Heap after GC invocations=34 (full 10):
 PSYoungGen      total 71680K, used 212K [0x00000000fab00000, 0x0000000100000000, 0x0000000100000000)
  eden space 55808K, 0% used [0x00000000fab00000,0x00000000fab00000,0x00000000fe180000)
  from space 15872K, 1% used [0x00000000ff080000,0x00000000ff0b51c0,0x0000000100000000)
  to   space 15360K, 0% used [0x00000000fe180000,0x00000000fe180000,0x00000000ff080000)
 ParOldGen       total 55296K, used 34071K [0x00000000f0000000, 0x00000000f3600000, 0x00000000fab00000)
  object space 55296K, 61% used [0x00000000f0000000,0x00000000f2145d48,0x00000000f3600000)
 Metaspace       used 69082K, capacity 73986K, committed 74048K, reserved 1114112K
  class space    used 8214K, capacity 9524K, committed 9560K, reserved 1048576K
}
Event: 527.011 GC heap before
{Heap before GC invocations=35 (full 11):
 PSYoungGen      total 71680K, used 212K [0x00000000fab00000, 0x0000000100000000, 0x0000000100000000)
  eden space 55808K, 0% used [0x00000000fab00000,0x00000000fab00000,0x00000000fe180000)
  from space 15872K, 1% used [0x00000000ff080000,0x00000000ff0b51c0,0x0000000100000000)
  to   space 15360K, 0% used [0x00000000fe180000,0x00000000fe180000,0x00000000ff080000)
 ParOldGen       total 55296K, used 34071K [0x00000000f0000000, 0x00000000f3600000, 0x00000000fab00000)
  object space 55296K, 61% used [0x00000000f0000000,0x00000000f2145d48,0x00000000f3600000)
 Metaspace       used 69082K, capacity 73986K, committed 74048K, reserved 1114112K
  class space    used 8214K, capacity 9524K, committed 9560K, reserved 1048576K
Event: 527.094 GC heap after
Heap after GC invocations=35 (full 11):
 PSYoungGen      total 71680K, used 0K [0x00000000fab00000, 0x0000000100000000, 0x0000000100000000)
  eden space 55808K, 0% used [0x00000000fab00000,0x00000000fab00000,0x00000000fe180000)
  from space 15872K, 0% used [0x00000000ff080000,0x00000000ff080000,0x0000000100000000)
  to   space 15360K, 0% used [0x00000000fe180000,0x00000000fe180000,0x00000000ff080000)
 ParOldGen       total 55296K, used 31433K [0x00000000f0000000, 0x00000000f3600000, 0x00000000fab00000)
  object space 55296K, 56% used [0x00000000f0000000,0x00000000f1eb2508,0x00000000f3600000)
 Metaspace       used 69082K, capacity 73986K, committed 74048K, reserved 1114112K
  class space    used 8214K, capacity 9524K, committed 9560K, reserved 1048576K
}

